0 info it worked if it ends with ok
1 verbose cli [ 'C:\\Program Files\\nodejs\\node.exe',
1 verbose cli   'C:\\Program Files\\nodejs\\node_modules\\npm\\bin\\npm-cli.js',
1 verbose cli   'install',
1 verbose cli   'node' ]
2 info using npm@3.10.10
3 info using node@v6.9.4
4 silly loadCurrentTree Starting
5 silly install loadCurrentTree
6 silly install readLocalPackageData
7 silly fetchPackageMetaData node
8 silly fetchNamedPackageData node
9 silly mapToRegistry name node
10 silly mapToRegistry using default registry
11 silly mapToRegistry registry https://registry.npmjs.org/
12 silly mapToRegistry data Result {
12 silly mapToRegistry   raw: 'node',
12 silly mapToRegistry   scope: null,
12 silly mapToRegistry   escapedName: 'node',
12 silly mapToRegistry   name: 'node',
12 silly mapToRegistry   rawSpec: '',
12 silly mapToRegistry   spec: 'latest',
12 silly mapToRegistry   type: 'tag' }
13 silly mapToRegistry uri https://registry.npmjs.org/node
14 verbose request uri https://registry.npmjs.org/node
15 verbose request no auth needed
16 info attempt registry request try #1 at 19:11:25
17 verbose request id 353b162bf3c305a3
18 verbose etag "5aa0a959-56c6e"
19 verbose lastModified Thu, 8 Mar 2018 3:09:13 GMT
20 http request GET https://registry.npmjs.org/node
21 http 304 https://registry.npmjs.org/node
22 verbose headers { date: 'Sun, 11 Mar 2018 03:11:25 GMT',
22 verbose headers   via: '1.1 varnish',
22 verbose headers   'cache-control': 'max-age=300',
22 verbose headers   etag: '"5aa0a959-56c6e"',
22 verbose headers   age: '12814',
22 verbose headers   connection: 'keep-alive',
22 verbose headers   'x-served-by': 'cache-sea1027-SEA',
22 verbose headers   'x-cache': 'HIT',
22 verbose headers   'x-cache-hits': '1',
22 verbose headers   'x-timer': 'S1520737885.188222,VS0,VE1',
22 verbose headers   vary: 'Accept-Encoding, Accept' }
23 silly get cb [ 304,
23 silly get   { date: 'Sun, 11 Mar 2018 03:11:25 GMT',
23 silly get     via: '1.1 varnish',
23 silly get     'cache-control': 'max-age=300',
23 silly get     etag: '"5aa0a959-56c6e"',
23 silly get     age: '12814',
23 silly get     connection: 'keep-alive',
23 silly get     'x-served-by': 'cache-sea1027-SEA',
23 silly get     'x-cache': 'HIT',
23 silly get     'x-cache-hits': '1',
23 silly get     'x-timer': 'S1520737885.188222,VS0,VE1',
23 silly get     vary: 'Accept-Encoding, Accept' } ]
24 verbose etag https://registry.npmjs.org/node from cache
25 verbose get saving node to C:\Users\angel\AppData\Roaming\npm-cache\registry.npmjs.org\node\.cache.json
26 verbose correctMkdir C:\Users\angel\AppData\Roaming\npm-cache correctMkdir not in flight; initializing
27 silly install normalizeTree
28 silly loadCurrentTree Finishing
29 silly loadIdealTree Starting
30 silly install loadIdealTree
31 silly cloneCurrentTree Starting
32 silly install cloneCurrentTreeToIdealTree
33 silly cloneCurrentTree Finishing
34 silly loadShrinkwrap Starting
35 silly install loadShrinkwrap
36 silly loadShrinkwrap Finishing
37 silly loadAllDepsIntoIdealTree Starting
38 silly install loadAllDepsIntoIdealTree
39 silly resolveWithNewModule node@9.8.0 checking installable status
40 silly cache add args [ 'node', null ]
41 verbose cache add spec node
42 silly cache add parsed spec Result {
42 silly cache add   raw: 'node',
42 silly cache add   scope: null,
42 silly cache add   escapedName: 'node',
42 silly cache add   name: 'node',
42 silly cache add   rawSpec: '',
42 silly cache add   spec: 'latest',
42 silly cache add   type: 'tag' }
43 silly addNamed node@latest
44 verbose addNamed "latest" is being treated as a dist-tag for node
45 info addNameTag [ 'node', 'latest' ]
46 silly mapToRegistry name node
47 silly mapToRegistry using default registry
48 silly mapToRegistry registry https://registry.npmjs.org/
49 silly mapToRegistry data Result {
49 silly mapToRegistry   raw: 'node',
49 silly mapToRegistry   scope: null,
49 silly mapToRegistry   escapedName: 'node',
49 silly mapToRegistry   name: 'node',
49 silly mapToRegistry   rawSpec: '',
49 silly mapToRegistry   spec: 'latest',
49 silly mapToRegistry   type: 'tag' }
50 silly mapToRegistry uri https://registry.npmjs.org/node
51 verbose addNameTag registry:https://registry.npmjs.org/node not in flight; fetching
52 verbose get https://registry.npmjs.org/node not expired, no request
53 silly addNameTag next cb for node with tag latest
54 silly addNamed node@9.8.0
55 verbose addNamed "9.8.0" is a plain semver version for node
56 silly cache afterAdd node@9.8.0
57 verbose afterAdd C:\Users\angel\AppData\Roaming\npm-cache\node\9.8.0\package\package.json not in flight; writing
58 verbose correctMkdir C:\Users\angel\AppData\Roaming\npm-cache correctMkdir not in flight; initializing
59 verbose afterAdd C:\Users\angel\AppData\Roaming\npm-cache\node\9.8.0\package\package.json written
60 silly fetchNamedPackageData node-bin-setup
61 silly mapToRegistry name node-bin-setup
62 silly mapToRegistry using default registry
63 silly mapToRegistry registry https://registry.npmjs.org/
64 silly mapToRegistry data Result {
64 silly mapToRegistry   raw: 'node-bin-setup',
64 silly mapToRegistry   scope: null,
64 silly mapToRegistry   escapedName: 'node-bin-setup',
64 silly mapToRegistry   name: 'node-bin-setup',
64 silly mapToRegistry   rawSpec: '',
64 silly mapToRegistry   spec: 'latest',
64 silly mapToRegistry   type: 'tag' }
65 silly mapToRegistry uri https://registry.npmjs.org/node-bin-setup
66 verbose request uri https://registry.npmjs.org/node-bin-setup
67 verbose request no auth needed
68 info attempt registry request try #1 at 19:11:29
69 verbose etag "5976bbea-1511"
70 verbose lastModified Tue, 25 Jul 2017 3:32:58 GMT
71 http request GET https://registry.npmjs.org/node-bin-setup
72 http 304 https://registry.npmjs.org/node-bin-setup
73 verbose headers { date: 'Sun, 11 Mar 2018 03:11:28 GMT',
73 verbose headers   via: '1.1 varnish',
73 verbose headers   'cache-control': 'max-age=300',
73 verbose headers   etag: '"5976bbea-1511"',
73 verbose headers   age: '1519',
73 verbose headers   connection: 'keep-alive',
73 verbose headers   'x-served-by': 'cache-sea1027-SEA',
73 verbose headers   'x-cache': 'HIT',
73 verbose headers   'x-cache-hits': '1',
73 verbose headers   'x-timer': 'S1520737889.797094,VS0,VE0',
73 verbose headers   vary: 'Accept-Encoding, Accept' }
74 silly get cb [ 304,
74 silly get   { date: 'Sun, 11 Mar 2018 03:11:28 GMT',
74 silly get     via: '1.1 varnish',
74 silly get     'cache-control': 'max-age=300',
74 silly get     etag: '"5976bbea-1511"',
74 silly get     age: '1519',
74 silly get     connection: 'keep-alive',
74 silly get     'x-served-by': 'cache-sea1027-SEA',
74 silly get     'x-cache': 'HIT',
74 silly get     'x-cache-hits': '1',
74 silly get     'x-timer': 'S1520737889.797094,VS0,VE0',
74 silly get     vary: 'Accept-Encoding, Accept' } ]
75 verbose etag https://registry.npmjs.org/node-bin-setup from cache
76 verbose get saving node-bin-setup to C:\Users\angel\AppData\Roaming\npm-cache\registry.npmjs.org\node-bin-setup\.cache.json
77 verbose correctMkdir C:\Users\angel\AppData\Roaming\npm-cache correctMkdir not in flight; initializing
78 silly resolveWithNewModule node-bin-setup@1.0.6 checking installable status
79 silly cache add args [ 'node-bin-setup@^1.0.0', null ]
80 verbose cache add spec node-bin-setup@^1.0.0
81 silly cache add parsed spec Result {
81 silly cache add   raw: 'node-bin-setup@^1.0.0',
81 silly cache add   scope: null,
81 silly cache add   escapedName: 'node-bin-setup',
81 silly cache add   name: 'node-bin-setup',
81 silly cache add   rawSpec: '^1.0.0',
81 silly cache add   spec: '>=1.0.0 <2.0.0',
81 silly cache add   type: 'range' }
82 silly addNamed node-bin-setup@>=1.0.0 <2.0.0
83 verbose addNamed ">=1.0.0 <2.0.0" is a valid semver range for node-bin-setup
84 silly addNameRange { name: 'node-bin-setup',
84 silly addNameRange   range: '>=1.0.0 <2.0.0',
84 silly addNameRange   hasData: false }
85 silly mapToRegistry name node-bin-setup
86 silly mapToRegistry using default registry
87 silly mapToRegistry registry https://registry.npmjs.org/
88 silly mapToRegistry data Result {
88 silly mapToRegistry   raw: 'node-bin-setup',
88 silly mapToRegistry   scope: null,
88 silly mapToRegistry   escapedName: 'node-bin-setup',
88 silly mapToRegistry   name: 'node-bin-setup',
88 silly mapToRegistry   rawSpec: '',
88 silly mapToRegistry   spec: 'latest',
88 silly mapToRegistry   type: 'tag' }
89 silly mapToRegistry uri https://registry.npmjs.org/node-bin-setup
90 verbose addNameRange registry:https://registry.npmjs.org/node-bin-setup not in flight; fetching
91 verbose get https://registry.npmjs.org/node-bin-setup not expired, no request
92 silly addNameRange number 2 { name: 'node-bin-setup',
92 silly addNameRange   range: '>=1.0.0 <2.0.0',
92 silly addNameRange   hasData: true }
93 silly addNameRange versions [ 'node-bin-setup',
93 silly addNameRange   [ '1.0.0', '1.0.1', '1.0.2', '1.0.3', '1.0.4', '1.0.6' ] ]
94 silly addNamed node-bin-setup@1.0.6
95 verbose addNamed "1.0.6" is a plain semver version for node-bin-setup
96 silly cache afterAdd node-bin-setup@1.0.6
97 verbose afterAdd C:\Users\angel\AppData\Roaming\npm-cache\node-bin-setup\1.0.6\package\package.json not in flight; writing
98 verbose correctMkdir C:\Users\angel\AppData\Roaming\npm-cache correctMkdir not in flight; initializing
99 verbose afterAdd C:\Users\angel\AppData\Roaming\npm-cache\node-bin-setup\1.0.6\package\package.json written
100 silly fetchNamedPackageData fsevents
101 silly mapToRegistry name fsevents
102 silly mapToRegistry using default registry
103 silly mapToRegistry registry https://registry.npmjs.org/
104 silly mapToRegistry data Result {
104 silly mapToRegistry   raw: 'fsevents',
104 silly mapToRegistry   scope: null,
104 silly mapToRegistry   escapedName: 'fsevents',
104 silly mapToRegistry   name: 'fsevents',
104 silly mapToRegistry   rawSpec: '',
104 silly mapToRegistry   spec: 'latest',
104 silly mapToRegistry   type: 'tag' }
105 silly mapToRegistry uri https://registry.npmjs.org/fsevents
106 verbose request uri https://registry.npmjs.org/fsevents
107 verbose request no auth needed
108 info attempt registry request try #1 at 19:11:31
109 verbose etag "5a7fa6de-e526"
110 verbose lastModified Sun, 11 Feb 2018 2:13:50 GMT
111 http request GET https://registry.npmjs.org/fsevents
112 http 304 https://registry.npmjs.org/fsevents
113 verbose headers { date: 'Sun, 11 Mar 2018 03:11:30 GMT',
113 verbose headers   via: '1.1 varnish',
113 verbose headers   'cache-control': 'max-age=300',
113 verbose headers   etag: '"5a7fa6de-e526"',
113 verbose headers   age: '5966',
113 verbose headers   connection: 'keep-alive',
113 verbose headers   'x-served-by': 'cache-sea1027-SEA',
113 verbose headers   'x-cache': 'HIT',
113 verbose headers   'x-cache-hits': '48',
113 verbose headers   'x-timer': 'S1520737891.672572,VS0,VE0',
113 verbose headers   vary: 'Accept-Encoding, Accept' }
114 silly get cb [ 304,
114 silly get   { date: 'Sun, 11 Mar 2018 03:11:30 GMT',
114 silly get     via: '1.1 varnish',
114 silly get     'cache-control': 'max-age=300',
114 silly get     etag: '"5a7fa6de-e526"',
114 silly get     age: '5966',
114 silly get     connection: 'keep-alive',
114 silly get     'x-served-by': 'cache-sea1027-SEA',
114 silly get     'x-cache': 'HIT',
114 silly get     'x-cache-hits': '48',
114 silly get     'x-timer': 'S1520737891.672572,VS0,VE0',
114 silly get     vary: 'Accept-Encoding, Accept' } ]
115 verbose etag https://registry.npmjs.org/fsevents from cache
116 verbose get saving fsevents to C:\Users\angel\AppData\Roaming\npm-cache\registry.npmjs.org\fsevents\.cache.json
117 verbose correctMkdir C:\Users\angel\AppData\Roaming\npm-cache correctMkdir not in flight; initializing
118 silly resolveWithNewModule fsevents@1.1.3 checking installable status
119 silly fetchNamedPackageData fsevents
120 silly mapToRegistry name fsevents
121 silly mapToRegistry using default registry
122 silly mapToRegistry registry https://registry.npmjs.org/
123 silly mapToRegistry data Result {
123 silly mapToRegistry   raw: 'fsevents',
123 silly mapToRegistry   scope: null,
123 silly mapToRegistry   escapedName: 'fsevents',
123 silly mapToRegistry   name: 'fsevents',
123 silly mapToRegistry   rawSpec: '',
123 silly mapToRegistry   spec: 'latest',
123 silly mapToRegistry   type: 'tag' }
124 silly mapToRegistry uri https://registry.npmjs.org/fsevents
125 silly resolveWithNewModule fsevents@1.1.3 checking installable status
126 silly loadAllDepsIntoIdealTree Finishing
127 silly loadIdealTree Finishing
128 silly currentTree libra@1.0.0
128 silly currentTree +-- @types/node@8.9.5
128 silly currentTree +-- abbrev@1.1.1
128 silly currentTree +-- accepts@1.3.5
128 silly currentTree +-- acorn-jsx@3.0.1
128 silly currentTree | `-- acorn@3.3.0
128 silly currentTree +-- acorn-node@1.3.0
128 silly currentTree | `-- acorn@5.5.3
128 silly currentTree +-- acorn-object-spread@1.0.0
128 silly currentTree | `-- acorn@3.3.0
128 silly currentTree +-- acorn@4.0.13
128 silly currentTree +-- acorn5-object-spread@4.0.0
128 silly currentTree | `-- acorn@5.5.3
128 silly currentTree +-- ajv@5.5.2
128 silly currentTree +-- ansi-regex@2.1.1
128 silly currentTree +-- ansi-styles@2.2.1
128 silly currentTree +-- anymatch@2.0.0
128 silly currentTree +-- archiver-utils@1.3.0
128 silly currentTree | `-- glob@7.1.2
128 silly currentTree +-- archiver@1.3.0
128 silly currentTree | `-- glob@7.1.2
128 silly currentTree +-- argparse@1.0.10
128 silly currentTree +-- arr-diff@4.0.0
128 silly currentTree +-- arr-flatten@1.1.0
128 silly currentTree +-- arr-union@3.1.0
128 silly currentTree +-- array-filter@0.0.1
128 silly currentTree +-- array-flatten@1.1.1
128 silly currentTree +-- array-map@0.0.0
128 silly currentTree +-- array-reduce@0.0.0
128 silly currentTree +-- array-unique@0.3.2
128 silly currentTree +-- asn1.js@4.10.1
128 silly currentTree +-- asn1@0.2.3
128 silly currentTree +-- assert-plus@1.0.0
128 silly currentTree +-- assert@1.3.0
128 silly currentTree +-- assertion-error@1.1.0
128 silly currentTree +-- assign-symbols@1.0.0
128 silly currentTree +-- astw@2.2.0
128 silly currentTree +-- async-each@1.0.1
128 silly currentTree +-- async@2.0.1
128 silly currentTree +-- asynckit@0.4.0
128 silly currentTree +-- atob@2.0.3
128 silly currentTree +-- aws-sign2@0.7.0
128 silly currentTree +-- aws4@1.6.0
128 silly currentTree +-- balanced-match@1.0.0
128 silly currentTree +-- base@0.11.2
128 silly currentTree | `-- define-property@1.0.0
128 silly currentTree +-- base64-js@0.0.8
128 silly currentTree +-- bcrypt-pbkdf@1.0.1
128 silly currentTree +-- binary-extensions@1.11.0
128 silly currentTree +-- binary@0.3.0
128 silly currentTree +-- bl@1.2.1
128 silly currentTree +-- bn.js@4.11.8
128 silly currentTree +-- body-parser@1.18.2
128 silly currentTree +-- boom@4.3.1
128 silly currentTree +-- bootstrap@4.0.0
128 silly currentTree +-- brace-expansion@1.1.11
128 silly currentTree +-- braces@2.3.1
128 silly currentTree | +-- define-property@1.0.0
128 silly currentTree | `-- extend-shallow@2.0.1
128 silly currentTree +-- brorand@1.1.0
128 silly currentTree +-- browser-icons@0.0.1
128 silly currentTree +-- browser-pack@6.0.4
128 silly currentTree +-- browser-resolve@1.11.2
128 silly currentTree | `-- resolve@1.1.7
128 silly currentTree +-- browser-stdout@1.3.1
128 silly currentTree +-- browserify-aes@1.1.1
128 silly currentTree +-- browserify-cipher@1.0.0
128 silly currentTree +-- browserify-des@1.0.0
128 silly currentTree +-- browserify-rsa@4.0.1
128 silly currentTree +-- browserify-sign@4.0.4
128 silly currentTree +-- browserify-zlib@0.1.4
128 silly currentTree +-- browserify@12.0.2
128 silly currentTree +-- buble@0.16.0
128 silly currentTree | `-- acorn@3.3.0
128 silly currentTree +-- buffer-crc32@0.2.13
128 silly currentTree +-- buffer-xor@1.0.3
128 silly currentTree +-- buffer@3.6.0
128 silly currentTree | `-- isarray@1.0.0
128 silly currentTree +-- buffers@0.1.1
128 silly currentTree +-- builtin-status-codes@3.0.0
128 silly currentTree +-- bytes@3.0.0
128 silly currentTree +-- cache-base@1.0.1
128 silly currentTree +-- cached-path-relative@1.0.1
128 silly currentTree +-- caseless@0.12.0
128 silly currentTree +-- chai@4.1.2
128 silly currentTree +-- chainsaw@0.1.0
128 silly currentTree +-- chalk@1.1.3
128 silly currentTree +-- check-error@1.0.2
128 silly currentTree +-- chokidar@2.0.2
128 silly currentTree +-- cipher-base@1.0.4
128 silly currentTree +-- class-utils@0.3.6
128 silly currentTree | +-- define-property@0.2.5
128 silly currentTree | +-- is-accessor-descriptor@0.1.6
128 silly currentTree | | `-- kind-of@3.2.2
128 silly currentTree | +-- is-data-descriptor@0.1.4
128 silly currentTree | | `-- kind-of@3.2.2
128 silly currentTree | +-- is-descriptor@0.1.6
128 silly currentTree | `-- kind-of@5.1.0
128 silly currentTree +-- co@4.6.0
128 silly currentTree +-- collection-visit@1.0.0
128 silly currentTree +-- color-convert@1.9.1
128 silly currentTree +-- color-name@1.1.3
128 silly currentTree +-- colors@1.2.0
128 silly currentTree +-- combine-source-map@0.8.0
128 silly currentTree +-- combined-stream@1.0.6
128 silly currentTree +-- commander@2.11.0
128 silly currentTree +-- component-emitter@1.2.1
128 silly currentTree +-- compress-commons@1.2.2
128 silly currentTree +-- compressible@2.0.13
128 silly currentTree +-- compression@1.7.2
128 silly currentTree +-- concat-map@0.0.1
128 silly currentTree +-- concat-stream@1.5.2
128 silly currentTree | +-- isarray@1.0.0
128 silly currentTree | +-- process-nextick-args@1.0.7
128 silly currentTree | `-- readable-stream@2.0.6
128 silly currentTree +-- console-browserify@1.1.0
128 silly currentTree +-- constants-browserify@1.0.0
128 silly currentTree +-- content-disposition@0.5.2
128 silly currentTree +-- content-type@1.0.4
128 silly currentTree +-- convert-source-map@1.1.3
128 silly currentTree +-- cookie-parser@1.4.3
128 silly currentTree +-- cookie-signature@1.0.6
128 silly currentTree +-- cookie@0.3.1
128 silly currentTree +-- copy-descriptor@0.1.1
128 silly currentTree +-- core-util-is@1.0.2
128 silly currentTree +-- crc@3.4.4
128 silly currentTree +-- crc32-stream@2.0.0
128 silly currentTree +-- create-ecdh@4.0.0
128 silly currentTree +-- create-hash@1.1.3
128 silly currentTree +-- create-hmac@1.1.6
128 silly currentTree +-- cryonic@1.0.0
128 silly currentTree +-- cryptiles@3.1.2
128 silly currentTree | `-- boom@5.2.0
128 silly currentTree +-- crypto-browserify@3.12.0
128 silly currentTree +-- cssscope@0.1.0
128 silly currentTree +-- dashdash@1.14.1
128 silly currentTree +-- date-now@0.1.4
128 silly currentTree +-- debug@2.6.9
128 silly currentTree +-- decode-uri-component@0.2.0
128 silly currentTree +-- decompress-zip@0.3.0
128 silly currentTree | `-- readable-stream@1.1.14
128 silly currentTree +-- deep-eql@3.0.1
128 silly currentTree +-- define-property@2.0.2
128 silly currentTree +-- defined@1.0.0
128 silly currentTree +-- delayed-stream@1.0.0
128 silly currentTree +-- depd@1.1.2
128 silly currentTree +-- deps-sort@2.0.0
128 silly currentTree +-- des.js@1.0.0
128 silly currentTree +-- destroy@1.0.4
128 silly currentTree +-- detective@4.7.1
128 silly currentTree | `-- acorn@5.5.3
128 silly currentTree +-- diff@3.5.0
128 silly currentTree +-- diffie-hellman@5.0.2
128 silly currentTree +-- domain-browser@1.1.7
128 silly currentTree +-- duplexer2@0.1.4
128 silly currentTree +-- ecc-jsbn@0.1.1
128 silly currentTree +-- ee-first@1.1.1
128 silly currentTree +-- elliptic@6.4.0
128 silly currentTree +-- encodeurl@1.0.2
128 silly currentTree +-- end-of-stream@1.4.1
128 silly currentTree +-- escape-html@1.0.3
128 silly currentTree +-- escape-string-regexp@1.0.5
128 silly currentTree +-- esprima@4.0.0
128 silly currentTree +-- etag@1.8.1
128 silly currentTree +-- events@1.1.1
128 silly currentTree +-- evp_bytestokey@1.0.3
128 silly currentTree +-- expand-brackets@2.1.4
128 silly currentTree | +-- define-property@0.2.5
128 silly currentTree | +-- extend-shallow@2.0.1
128 silly currentTree | +-- is-accessor-descriptor@0.1.6
128 silly currentTree | | `-- kind-of@3.2.2
128 silly currentTree | +-- is-data-descriptor@0.1.4
128 silly currentTree | | `-- kind-of@3.2.2
128 silly currentTree | +-- is-descriptor@0.1.6
128 silly currentTree | `-- kind-of@5.1.0
128 silly currentTree +-- expand-range@1.8.2
128 silly currentTree | +-- fill-range@2.2.3
128 silly currentTree | +-- is-number@2.1.0
128 silly currentTree | +-- isarray@1.0.0
128 silly currentTree | +-- isobject@2.1.0
128 silly currentTree | `-- kind-of@3.2.2
128 silly currentTree +-- express-session@1.15.6
128 silly currentTree +-- express@4.16.2
128 silly currentTree | `-- serve-static@1.13.1
128 silly currentTree +-- extend-shallow@3.0.2
128 silly currentTree | `-- is-extendable@1.0.1
128 silly currentTree +-- extend@3.0.1
128 silly currentTree +-- extglob@2.0.4
128 silly currentTree | +-- define-property@1.0.0
128 silly currentTree | `-- extend-shallow@2.0.1
128 silly currentTree +-- extsprintf@1.3.0
128 silly currentTree +-- fast-deep-equal@1.1.0
128 silly currentTree +-- fast-json-stable-stringify@2.0.0
128 silly currentTree +-- filename-regex@2.0.1
128 silly currentTree +-- fill-range@4.0.0
128 silly currentTree | `-- extend-shallow@2.0.1
128 silly currentTree +-- finalhandler@1.1.0
128 silly currentTree +-- find-package-json@1.0.0
128 silly currentTree +-- for-in@1.0.2
128 silly currentTree +-- for-own@0.1.5
128 silly currentTree +-- forever-agent@0.6.1
128 silly currentTree +-- form-data@2.3.2
128 silly currentTree +-- forwarded@0.1.2
128 silly currentTree +-- fragment-cache@0.2.1
128 silly currentTree +-- fresh@0.5.2
128 silly currentTree +-- fs.realpath@1.0.0
128 silly currentTree +-- function-bind@1.1.1
128 silly currentTree +-- generate-function@2.0.0
128 silly currentTree +-- generate-object-property@1.2.0
128 silly currentTree +-- get-func-name@2.0.0
128 silly currentTree +-- get-value@2.0.6
128 silly currentTree +-- getpass@0.1.7
128 silly currentTree +-- glob-base@0.3.0
128 silly currentTree | +-- glob-parent@2.0.0
128 silly currentTree | +-- is-extglob@1.0.0
128 silly currentTree | `-- is-glob@2.0.1
128 silly currentTree +-- glob-parent@3.1.0
128 silly currentTree | `-- is-glob@3.1.0
128 silly currentTree +-- glob@5.0.15
128 silly currentTree +-- graceful-fs@4.1.11
128 silly currentTree +-- growl@1.10.3
128 silly currentTree +-- har-schema@2.0.0
128 silly currentTree +-- har-validator@5.0.3
128 silly currentTree +-- has-ansi@2.0.0
128 silly currentTree +-- has-flag@2.0.0
128 silly currentTree +-- has-value@1.0.0
128 silly currentTree +-- has-values@1.0.0
128 silly currentTree | `-- kind-of@4.0.0
128 silly currentTree +-- has@1.0.1
128 silly currentTree +-- hash-base@2.0.2
128 silly currentTree +-- hash.js@1.1.3
128 silly currentTree +-- hawk@6.0.2
128 silly currentTree +-- he@1.1.1
128 silly currentTree +-- hmac-drbg@1.0.1
128 silly currentTree +-- hoek@4.2.1
128 silly currentTree +-- htmlescape@1.1.1
128 silly currentTree +-- http-errors@1.6.2
128 silly currentTree | +-- depd@1.1.1
128 silly currentTree | `-- setprototypeof@1.0.3
128 silly currentTree +-- http-signature@1.2.0
128 silly currentTree +-- https-browserify@0.0.1
128 silly currentTree +-- icon-android@0.0.1
128 silly currentTree +-- icon-chrome@0.0.1
128 silly currentTree +-- icon-firefox@0.0.1
128 silly currentTree +-- icon-ie@0.0.1
128 silly currentTree +-- icon-ios@0.0.1
128 silly currentTree +-- icon-linux@0.0.1
128 silly currentTree +-- icon-opera@0.0.1
128 silly currentTree +-- icon-osx@0.0.1
128 silly currentTree +-- icon-safari@0.0.1
128 silly currentTree +-- icon-windows@0.0.1
128 silly currentTree +-- iconv-lite@0.4.19
128 silly currentTree +-- ieee754@1.1.8
128 silly currentTree +-- indexof@0.0.1
128 silly currentTree +-- inflight@1.0.6
128 silly currentTree +-- inherits@2.0.3
128 silly currentTree +-- inline-source-map@0.6.2
128 silly currentTree +-- insert-module-globals@7.0.2
128 silly currentTree | `-- combine-source-map@0.7.2
128 silly currentTree +-- ipaddr.js@1.6.0
128 silly currentTree +-- is-accessor-descriptor@1.0.0
128 silly currentTree +-- is-binary-path@1.0.1
128 silly currentTree +-- is-buffer@1.1.6
128 silly currentTree +-- is-data-descriptor@1.0.0
128 silly currentTree +-- is-descriptor@1.0.2
128 silly currentTree +-- is-dotfile@1.0.3
128 silly currentTree +-- is-equal-shallow@0.1.3
128 silly currentTree +-- is-extendable@0.1.1
128 silly currentTree +-- is-extglob@2.1.1
128 silly currentTree +-- is-glob@4.0.0
128 silly currentTree +-- is-my-ip-valid@1.0.0
128 silly currentTree +-- is-my-json-valid@2.17.2
128 silly currentTree +-- is-number@3.0.0
128 silly currentTree | `-- kind-of@3.2.2
128 silly currentTree +-- is-odd@2.0.0
128 silly currentTree | `-- is-number@4.0.0
128 silly currentTree +-- is-plain-object@2.0.4
128 silly currentTree +-- is-posix-bracket@0.1.1
128 silly currentTree +-- is-primitive@2.0.0
128 silly currentTree +-- is-property@1.0.2
128 silly currentTree +-- is-typedarray@1.0.0
128 silly currentTree +-- is-windows@1.0.2
128 silly currentTree +-- isarray@0.0.1
128 silly currentTree +-- isobject@3.0.1
128 silly currentTree +-- isstream@0.1.2
128 silly currentTree +-- jquery@3.3.1
128 silly currentTree +-- js-yaml@3.11.0
128 silly currentTree +-- jsbn@0.1.1
128 silly currentTree +-- json-schema-traverse@0.3.1
128 silly currentTree +-- json-schema@0.2.3
128 silly currentTree +-- json-stable-stringify@0.0.1
128 silly currentTree +-- json-stringify-safe@5.0.1
128 silly currentTree +-- jsonify@0.0.0
128 silly currentTree +-- jsonparse@1.3.1
128 silly currentTree +-- jsonpointer@4.0.1
128 silly currentTree +-- JSONStream@1.3.2
128 silly currentTree +-- jsprim@1.4.1
128 silly currentTree +-- kind-of@6.0.2
128 silly currentTree +-- labeled-stream-splicer@2.0.0
128 silly currentTree +-- lazy-cache@2.0.2
128 silly currentTree +-- lazystream@1.0.0
128 silly currentTree +-- lexical-scope@1.2.0
128 silly currentTree +-- lodash.memoize@3.0.4
128 silly currentTree +-- lodash@4.17.5
128 silly currentTree +-- lru_map@0.3.3
128 silly currentTree +-- magic-string@0.14.0
128 silly currentTree +-- map-cache@0.2.2
128 silly currentTree +-- map-visit@1.0.0
128 silly currentTree +-- md5.js@1.3.4
128 silly currentTree | `-- hash-base@3.0.4
128 silly currentTree +-- media-typer@0.3.0
128 silly currentTree +-- merge-descriptors@1.0.1
128 silly currentTree +-- methods@1.1.2
128 silly currentTree +-- micromatch@3.1.9
128 silly currentTree +-- miller-rabin@4.0.1
128 silly currentTree +-- mime-db@1.33.0
128 silly currentTree +-- mime-types@2.1.18
128 silly currentTree +-- mime@1.4.1
128 silly currentTree +-- minimalistic-assert@1.0.0
128 silly currentTree +-- minimalistic-crypto-utils@1.0.1
128 silly currentTree +-- minimatch@3.0.4
128 silly currentTree +-- minimist@1.2.0
128 silly currentTree +-- mixin-deep@1.3.1
128 silly currentTree | `-- is-extendable@1.0.1
128 silly currentTree +-- mkdirp@0.5.1
128 silly currentTree | `-- minimist@0.0.8
128 silly currentTree +-- mkpath@0.1.0
128 silly currentTree +-- mocha@5.0.4
128 silly currentTree | +-- debug@3.1.0
128 silly currentTree | +-- glob@7.1.2
128 silly currentTree | `-- supports-color@4.4.0
128 silly currentTree +-- module-deps@4.1.1
128 silly currentTree +-- ms@2.0.0
128 silly currentTree +-- nanomatch@1.2.9
128 silly currentTree +-- nanosocket@1.1.0
128 silly currentTree +-- negotiator@0.6.1
128 silly currentTree +-- ngrok@3.0.0
128 silly currentTree +-- nopt@3.0.6
128 silly currentTree +-- normalize-path@2.1.1
128 silly currentTree +-- oauth-sign@0.8.2
128 silly currentTree +-- object-copy@0.1.0
128 silly currentTree | +-- define-property@0.2.5
128 silly currentTree | +-- is-accessor-descriptor@0.1.6
128 silly currentTree | +-- is-data-descriptor@0.1.4
128 silly currentTree | +-- is-descriptor@0.1.6
128 silly currentTree | | `-- kind-of@5.1.0
128 silly currentTree | `-- kind-of@3.2.2
128 silly currentTree +-- object-visit@1.0.1
128 silly currentTree +-- object.omit@2.0.1
128 silly currentTree +-- object.pick@1.3.0
128 silly currentTree +-- on-finished@2.3.0
128 silly currentTree +-- on-headers@1.0.1
128 silly currentTree +-- once@1.4.0
128 silly currentTree +-- os-browserify@0.1.2
128 silly currentTree +-- os-homedir@1.0.2
128 silly currentTree +-- pako@0.2.9
128 silly currentTree +-- parents@1.0.1
128 silly currentTree +-- parse-asn1@5.1.0
128 silly currentTree +-- parse-glob@3.0.4
128 silly currentTree | +-- is-extglob@1.0.0
128 silly currentTree | `-- is-glob@2.0.1
128 silly currentTree +-- parseurl@1.3.2
128 silly currentTree +-- pascalcase@0.1.1
128 silly currentTree +-- path-browserify@0.0.0
128 silly currentTree +-- path-dirname@1.0.2
128 silly currentTree +-- path-is-absolute@1.0.1
128 silly currentTree +-- path-parse@1.0.5
128 silly currentTree +-- path-platform@0.11.15
128 silly currentTree +-- path-to-regexp@0.1.7
128 silly currentTree +-- pathval@1.1.0
128 silly currentTree +-- pbkdf2@3.0.14
128 silly currentTree +-- performance-now@2.1.0
128 silly currentTree +-- pinkie-promise@2.0.1
128 silly currentTree +-- pinkie@2.0.4
128 silly currentTree +-- platform@1.3.5
128 silly currentTree +-- popper.js@1.12.9
128 silly currentTree +-- popper@1.0.1
128 silly currentTree +-- posix-character-classes@0.1.1
128 silly currentTree +-- preserve@0.2.0
128 silly currentTree +-- process-nextick-args@2.0.0
128 silly currentTree +-- process@0.11.10
128 silly currentTree +-- proxy-addr@2.0.3
128 silly currentTree +-- public-encrypt@4.0.0
128 silly currentTree +-- punycode@1.4.1
128 silly currentTree +-- q@1.5.1
128 silly currentTree +-- qs@6.5.1
128 silly currentTree +-- querystring-es3@0.2.1
128 silly currentTree +-- querystring@0.2.0
128 silly currentTree +-- random-bytes@1.0.0
128 silly currentTree +-- randomatic@1.1.7
128 silly currentTree | `-- kind-of@4.0.0
128 silly currentTree +-- randombytes@2.0.6
128 silly currentTree +-- randomfill@1.0.4
128 silly currentTree +-- range-parser@1.2.0
128 silly currentTree +-- raw-body@2.3.2
128 silly currentTree +-- read-only-stream@2.0.0
128 silly currentTree +-- readable-stream@2.3.5
128 silly currentTree | +-- isarray@1.0.0
128 silly currentTree | `-- string_decoder@1.0.3
128 silly currentTree +-- readdirp@2.1.0
128 silly currentTree +-- regex-cache@0.4.4
128 silly currentTree +-- regex-not@1.0.2
128 silly currentTree +-- remove-trailing-separator@1.1.0
128 silly currentTree +-- repeat-element@1.1.2
128 silly currentTree +-- repeat-string@1.6.1
128 silly currentTree +-- request-promise-core@1.1.1
128 silly currentTree +-- request-promise-native@1.0.5
128 silly currentTree +-- request@2.83.0
128 silly currentTree +-- resolve-url@0.2.1
128 silly currentTree +-- resolve@1.5.0
128 silly currentTree +-- ret@0.1.15
128 silly currentTree +-- rijs.components@2.0.0
128 silly currentTree +-- rijs.core@1.1.0
128 silly currentTree +-- rijs.css@1.1.0
128 silly currentTree +-- rijs.data@2.1.0
128 silly currentTree +-- rijs.features@1.0.0
128 silly currentTree +-- rijs.fn@1.0.0
128 silly currentTree +-- rijs.needs@1.1.0
128 silly currentTree +-- rijs.npm@2.0.0
128 silly currentTree | +-- assert@1.4.1
128 silly currentTree | +-- base64-js@1.2.3
128 silly currentTree | +-- browserify-zlib@0.2.0
128 silly currentTree | +-- browserify@14.5.0
128 silly currentTree | +-- buffer@5.1.0
128 silly currentTree | +-- glob@7.1.2
128 silly currentTree | +-- https-browserify@1.0.0
128 silly currentTree | +-- os-browserify@0.3.0
128 silly currentTree | +-- pako@1.0.6
128 silly currentTree | `-- string_decoder@1.0.3
128 silly currentTree +-- rijs.offline@1.0.0
128 silly currentTree +-- rijs.pages@1.2.0
128 silly currentTree +-- rijs.precss@1.1.0
128 silly currentTree +-- rijs.resdir@1.4.0
128 silly currentTree | +-- anymatch@1.3.2
128 silly currentTree | +-- arr-diff@2.0.0
128 silly currentTree | +-- array-unique@0.2.1
128 silly currentTree | +-- braces@1.8.5
128 silly currentTree | +-- chokidar@1.7.0
128 silly currentTree | +-- expand-brackets@0.1.5
128 silly currentTree | +-- extglob@0.3.2
128 silly currentTree | +-- glob-parent@2.0.0
128 silly currentTree | +-- is-extglob@1.0.0
128 silly currentTree | +-- is-glob@2.0.1
128 silly currentTree | +-- kind-of@3.2.2
128 silly currentTree | `-- micromatch@2.3.11
128 silly currentTree +-- rijs.serve@0.8.5
128 silly currentTree +-- rijs.sessions@1.1.2
128 silly currentTree +-- rijs.singleton@1.0.0
128 silly currentTree +-- rijs.sync@2.1.10
128 silly currentTree | +-- acorn@5.5.3
128 silly currentTree | +-- ansi-styles@3.2.1
128 silly currentTree | +-- buble@0.18.0
128 silly currentTree | +-- chalk@2.3.2
128 silly currentTree | +-- has-flag@3.0.0
128 silly currentTree | +-- magic-string@0.22.4
128 silly currentTree | `-- supports-color@5.3.0
128 silly currentTree +-- rijs.versioned@0.0.3
128 silly currentTree +-- rijs@0.8.2
128 silly currentTree +-- ripemd160@2.0.1
128 silly currentTree +-- safe-buffer@5.1.1
128 silly currentTree +-- safe-regex@1.1.0
128 silly currentTree +-- send@0.16.1
128 silly currentTree +-- serve-static@1.13.2
128 silly currentTree | +-- send@0.16.2
128 silly currentTree | `-- statuses@1.4.0
128 silly currentTree +-- set-getter@0.1.0
128 silly currentTree +-- set-immediate-shim@1.0.1
128 silly currentTree +-- set-value@2.0.0
128 silly currentTree | `-- extend-shallow@2.0.1
128 silly currentTree +-- setprototypeof@1.1.0
128 silly currentTree +-- sha.js@2.4.10
128 silly currentTree +-- shasum@1.0.2
128 silly currentTree +-- shell-quote@1.6.1
128 silly currentTree +-- snapdragon-node@2.1.1
128 silly currentTree | `-- define-property@1.0.0
128 silly currentTree +-- snapdragon-util@3.0.1
128 silly currentTree | `-- kind-of@3.2.2
128 silly currentTree +-- snapdragon@0.8.1
128 silly currentTree | +-- define-property@0.2.5
128 silly currentTree | +-- extend-shallow@2.0.1
128 silly currentTree | +-- is-accessor-descriptor@0.1.6
128 silly currentTree | | `-- kind-of@3.2.2
128 silly currentTree | +-- is-data-descriptor@0.1.4
128 silly currentTree | | `-- kind-of@3.2.2
128 silly currentTree | +-- is-descriptor@0.1.6
128 silly currentTree | `-- kind-of@5.1.0
128 silly currentTree +-- sntp@2.1.0
128 silly currentTree +-- source-map-resolve@0.5.1
128 silly currentTree +-- source-map-url@0.4.0
128 silly currentTree +-- source-map@0.5.7
128 silly currentTree +-- split-string@3.1.0
128 silly currentTree +-- sprintf-js@1.0.3
128 silly currentTree +-- sshpk@1.13.1
128 silly currentTree +-- static-extend@0.1.2
128 silly currentTree | +-- define-property@0.2.5
128 silly currentTree | +-- is-accessor-descriptor@0.1.6
128 silly currentTree | | `-- kind-of@3.2.2
128 silly currentTree | +-- is-data-descriptor@0.1.4
128 silly currentTree | | `-- kind-of@3.2.2
128 silly currentTree | +-- is-descriptor@0.1.6
128 silly currentTree | `-- kind-of@5.1.0
128 silly currentTree +-- statuses@1.3.1
128 silly currentTree +-- stealthy-require@1.1.1
128 silly currentTree +-- stream-browserify@2.0.1
128 silly currentTree +-- stream-combiner2@1.1.1
128 silly currentTree +-- stream-http@2.8.0
128 silly currentTree +-- stream-splicer@2.0.0
128 silly currentTree +-- string_decoder@0.10.31
128 silly currentTree +-- stringstream@0.0.5
128 silly currentTree +-- strip-ansi@3.0.1
128 silly currentTree +-- subarg@1.0.0
128 silly currentTree +-- supports-color@2.0.0
128 silly currentTree +-- syntax-error@1.4.0
128 silly currentTree +-- tar-stream@1.5.5
128 silly currentTree +-- through@2.3.8
128 silly currentTree +-- through2@2.0.3
128 silly currentTree +-- timers-browserify@1.4.2
128 silly currentTree +-- to-arraybuffer@1.0.1
128 silly currentTree +-- to-object-path@0.3.0
128 silly currentTree | `-- kind-of@3.2.2
128 silly currentTree +-- to-regex-range@2.1.1
128 silly currentTree +-- to-regex@3.0.2
128 silly currentTree +-- touch@0.0.3
128 silly currentTree | `-- nopt@1.0.10
128 silly currentTree +-- tough-cookie@2.3.4
128 silly currentTree +-- traverse@0.3.9
128 silly currentTree +-- tty-browserify@0.0.1
128 silly currentTree +-- tunnel-agent@0.6.0
128 silly currentTree +-- tweetnacl@0.14.5
128 silly currentTree +-- type-detect@4.0.8
128 silly currentTree +-- type-is@1.6.16
128 silly currentTree +-- typedarray@0.0.6
128 silly currentTree +-- uid-safe@2.1.5
128 silly currentTree +-- umd@3.0.1
128 silly currentTree +-- underscore.string@3.3.4
128 silly currentTree +-- union-value@1.0.0
128 silly currentTree | +-- extend-shallow@2.0.1
128 silly currentTree | `-- set-value@0.4.3
128 silly currentTree +-- unpipe@1.0.0
128 silly currentTree +-- unset-value@1.0.0
128 silly currentTree | +-- has-value@0.3.1
128 silly currentTree | | `-- isobject@2.1.0
128 silly currentTree | +-- has-values@0.1.4
128 silly currentTree | `-- isarray@1.0.0
128 silly currentTree +-- upath@1.0.4
128 silly currentTree +-- urix@0.1.0
128 silly currentTree +-- url@0.11.0
128 silly currentTree | `-- punycode@1.3.2
128 silly currentTree +-- use@2.0.2
128 silly currentTree | +-- define-property@0.2.5
128 silly currentTree | +-- is-accessor-descriptor@0.1.6
128 silly currentTree | | `-- kind-of@3.2.2
128 silly currentTree | +-- is-data-descriptor@0.1.4
128 silly currentTree | | `-- kind-of@3.2.2
128 silly currentTree | +-- is-descriptor@0.1.6
128 silly currentTree | `-- kind-of@5.1.0
128 silly currentTree +-- util-deprecate@1.0.2
128 silly currentTree +-- util@0.10.3
128 silly currentTree | `-- inherits@2.0.1
128 silly currentTree +-- utilise@2.2.3
128 silly currentTree +-- utils-merge@1.0.1
128 silly currentTree +-- uuid@3.2.1
128 silly currentTree +-- uws@8.14.1
128 silly currentTree +-- vargs@0.1.0
128 silly currentTree +-- vary@1.1.2
128 silly currentTree +-- verror@1.10.0
128 silly currentTree +-- vlq@0.2.3
128 silly currentTree +-- vm-browserify@0.0.4
128 silly currentTree +-- walkdir@0.0.11
128 silly currentTree +-- wd@1.6.1
128 silly currentTree | +-- assert-plus@0.2.0
128 silly currentTree | +-- aws-sign2@0.6.0
128 silly currentTree | +-- boom@2.10.1
128 silly currentTree | +-- caseless@0.11.0
128 silly currentTree | +-- cryptiles@2.0.5
128 silly currentTree | +-- form-data@2.1.4
128 silly currentTree | +-- har-validator@2.0.6
128 silly currentTree | +-- hawk@3.1.3
128 silly currentTree | +-- hoek@2.16.3
128 silly currentTree | +-- http-signature@1.1.1
128 silly currentTree | +-- lodash@4.16.2
128 silly currentTree | +-- q@1.4.1
128 silly currentTree | +-- qs@6.3.2
128 silly currentTree | +-- request@2.79.0
128 silly currentTree | +-- sntp@1.0.9
128 silly currentTree | `-- tunnel-agent@0.4.3
128 silly currentTree +-- wrappy@1.0.2
128 silly currentTree +-- xrs@1.1.0
128 silly currentTree +-- xtend@4.0.1
128 silly currentTree `-- zip-stream@1.2.0
129 silly idealTree libra@1.0.0
129 silly idealTree +-- @types/node@8.9.5
129 silly idealTree +-- abbrev@1.1.1
129 silly idealTree +-- accepts@1.3.5
129 silly idealTree +-- acorn-jsx@3.0.1
129 silly idealTree | `-- acorn@3.3.0
129 silly idealTree +-- acorn-node@1.3.0
129 silly idealTree | `-- acorn@5.5.3
129 silly idealTree +-- acorn-object-spread@1.0.0
129 silly idealTree | `-- acorn@3.3.0
129 silly idealTree +-- acorn@4.0.13
129 silly idealTree +-- acorn5-object-spread@4.0.0
129 silly idealTree | `-- acorn@5.5.3
129 silly idealTree +-- ajv@5.5.2
129 silly idealTree +-- ansi-regex@2.1.1
129 silly idealTree +-- ansi-styles@2.2.1
129 silly idealTree +-- anymatch@2.0.0
129 silly idealTree +-- archiver-utils@1.3.0
129 silly idealTree | `-- glob@7.1.2
129 silly idealTree +-- archiver@1.3.0
129 silly idealTree | `-- glob@7.1.2
129 silly idealTree +-- argparse@1.0.10
129 silly idealTree +-- arr-diff@4.0.0
129 silly idealTree +-- arr-flatten@1.1.0
129 silly idealTree +-- arr-union@3.1.0
129 silly idealTree +-- array-filter@0.0.1
129 silly idealTree +-- array-flatten@1.1.1
129 silly idealTree +-- array-map@0.0.0
129 silly idealTree +-- array-reduce@0.0.0
129 silly idealTree +-- array-unique@0.3.2
129 silly idealTree +-- asn1.js@4.10.1
129 silly idealTree +-- asn1@0.2.3
129 silly idealTree +-- assert-plus@1.0.0
129 silly idealTree +-- assert@1.3.0
129 silly idealTree +-- assertion-error@1.1.0
129 silly idealTree +-- assign-symbols@1.0.0
129 silly idealTree +-- astw@2.2.0
129 silly idealTree +-- async-each@1.0.1
129 silly idealTree +-- async@2.0.1
129 silly idealTree +-- asynckit@0.4.0
129 silly idealTree +-- atob@2.0.3
129 silly idealTree +-- aws-sign2@0.7.0
129 silly idealTree +-- aws4@1.6.0
129 silly idealTree +-- balanced-match@1.0.0
129 silly idealTree +-- base@0.11.2
129 silly idealTree | `-- define-property@1.0.0
129 silly idealTree +-- base64-js@0.0.8
129 silly idealTree +-- bcrypt-pbkdf@1.0.1
129 silly idealTree +-- binary-extensions@1.11.0
129 silly idealTree +-- binary@0.3.0
129 silly idealTree +-- bl@1.2.1
129 silly idealTree +-- bn.js@4.11.8
129 silly idealTree +-- body-parser@1.18.2
129 silly idealTree +-- boom@4.3.1
129 silly idealTree +-- bootstrap@4.0.0
129 silly idealTree +-- brace-expansion@1.1.11
129 silly idealTree +-- braces@2.3.1
129 silly idealTree | +-- define-property@1.0.0
129 silly idealTree | `-- extend-shallow@2.0.1
129 silly idealTree +-- brorand@1.1.0
129 silly idealTree +-- browser-icons@0.0.1
129 silly idealTree +-- browser-pack@6.0.4
129 silly idealTree +-- browser-resolve@1.11.2
129 silly idealTree | `-- resolve@1.1.7
129 silly idealTree +-- browser-stdout@1.3.1
129 silly idealTree +-- browserify-aes@1.1.1
129 silly idealTree +-- browserify-cipher@1.0.0
129 silly idealTree +-- browserify-des@1.0.0
129 silly idealTree +-- browserify-rsa@4.0.1
129 silly idealTree +-- browserify-sign@4.0.4
129 silly idealTree +-- browserify-zlib@0.1.4
129 silly idealTree +-- browserify@12.0.2
129 silly idealTree +-- buble@0.16.0
129 silly idealTree | `-- acorn@3.3.0
129 silly idealTree +-- buffer-crc32@0.2.13
129 silly idealTree +-- buffer-xor@1.0.3
129 silly idealTree +-- buffer@3.6.0
129 silly idealTree | `-- isarray@1.0.0
129 silly idealTree +-- buffers@0.1.1
129 silly idealTree +-- builtin-status-codes@3.0.0
129 silly idealTree +-- bytes@3.0.0
129 silly idealTree +-- cache-base@1.0.1
129 silly idealTree +-- cached-path-relative@1.0.1
129 silly idealTree +-- caseless@0.12.0
129 silly idealTree +-- chai@4.1.2
129 silly idealTree +-- chainsaw@0.1.0
129 silly idealTree +-- chalk@1.1.3
129 silly idealTree +-- check-error@1.0.2
129 silly idealTree +-- chokidar@2.0.2
129 silly idealTree +-- cipher-base@1.0.4
129 silly idealTree +-- class-utils@0.3.6
129 silly idealTree | +-- define-property@0.2.5
129 silly idealTree | +-- is-accessor-descriptor@0.1.6
129 silly idealTree | | `-- kind-of@3.2.2
129 silly idealTree | +-- is-data-descriptor@0.1.4
129 silly idealTree | | `-- kind-of@3.2.2
129 silly idealTree | +-- is-descriptor@0.1.6
129 silly idealTree | `-- kind-of@5.1.0
129 silly idealTree +-- co@4.6.0
129 silly idealTree +-- collection-visit@1.0.0
129 silly idealTree +-- color-convert@1.9.1
129 silly idealTree +-- color-name@1.1.3
129 silly idealTree +-- colors@1.2.0
129 silly idealTree +-- combine-source-map@0.8.0
129 silly idealTree +-- combined-stream@1.0.6
129 silly idealTree +-- commander@2.11.0
129 silly idealTree +-- component-emitter@1.2.1
129 silly idealTree +-- compress-commons@1.2.2
129 silly idealTree +-- compressible@2.0.13
129 silly idealTree +-- compression@1.7.2
129 silly idealTree +-- concat-map@0.0.1
129 silly idealTree +-- concat-stream@1.5.2
129 silly idealTree | +-- isarray@1.0.0
129 silly idealTree | +-- process-nextick-args@1.0.7
129 silly idealTree | `-- readable-stream@2.0.6
129 silly idealTree +-- console-browserify@1.1.0
129 silly idealTree +-- constants-browserify@1.0.0
129 silly idealTree +-- content-disposition@0.5.2
129 silly idealTree +-- content-type@1.0.4
129 silly idealTree +-- convert-source-map@1.1.3
129 silly idealTree +-- cookie-parser@1.4.3
129 silly idealTree +-- cookie-signature@1.0.6
129 silly idealTree +-- cookie@0.3.1
129 silly idealTree +-- copy-descriptor@0.1.1
129 silly idealTree +-- core-util-is@1.0.2
129 silly idealTree +-- crc@3.4.4
129 silly idealTree +-- crc32-stream@2.0.0
129 silly idealTree +-- create-ecdh@4.0.0
129 silly idealTree +-- create-hash@1.1.3
129 silly idealTree +-- create-hmac@1.1.6
129 silly idealTree +-- cryonic@1.0.0
129 silly idealTree +-- cryptiles@3.1.2
129 silly idealTree | `-- boom@5.2.0
129 silly idealTree +-- crypto-browserify@3.12.0
129 silly idealTree +-- cssscope@0.1.0
129 silly idealTree +-- dashdash@1.14.1
129 silly idealTree +-- date-now@0.1.4
129 silly idealTree +-- debug@2.6.9
129 silly idealTree +-- decode-uri-component@0.2.0
129 silly idealTree +-- decompress-zip@0.3.0
129 silly idealTree | `-- readable-stream@1.1.14
129 silly idealTree +-- deep-eql@3.0.1
129 silly idealTree +-- define-property@2.0.2
129 silly idealTree +-- defined@1.0.0
129 silly idealTree +-- delayed-stream@1.0.0
129 silly idealTree +-- depd@1.1.2
129 silly idealTree +-- deps-sort@2.0.0
129 silly idealTree +-- des.js@1.0.0
129 silly idealTree +-- destroy@1.0.4
129 silly idealTree +-- detective@4.7.1
129 silly idealTree | `-- acorn@5.5.3
129 silly idealTree +-- diff@3.5.0
129 silly idealTree +-- diffie-hellman@5.0.2
129 silly idealTree +-- domain-browser@1.1.7
129 silly idealTree +-- duplexer2@0.1.4
129 silly idealTree +-- ecc-jsbn@0.1.1
129 silly idealTree +-- ee-first@1.1.1
129 silly idealTree +-- elliptic@6.4.0
129 silly idealTree +-- encodeurl@1.0.2
129 silly idealTree +-- end-of-stream@1.4.1
129 silly idealTree +-- escape-html@1.0.3
129 silly idealTree +-- escape-string-regexp@1.0.5
129 silly idealTree +-- esprima@4.0.0
129 silly idealTree +-- etag@1.8.1
129 silly idealTree +-- events@1.1.1
129 silly idealTree +-- evp_bytestokey@1.0.3
129 silly idealTree +-- expand-brackets@2.1.4
129 silly idealTree | +-- define-property@0.2.5
129 silly idealTree | +-- extend-shallow@2.0.1
129 silly idealTree | +-- is-accessor-descriptor@0.1.6
129 silly idealTree | | `-- kind-of@3.2.2
129 silly idealTree | +-- is-data-descriptor@0.1.4
129 silly idealTree | | `-- kind-of@3.2.2
129 silly idealTree | +-- is-descriptor@0.1.6
129 silly idealTree | `-- kind-of@5.1.0
129 silly idealTree +-- expand-range@1.8.2
129 silly idealTree | +-- fill-range@2.2.3
129 silly idealTree | +-- is-number@2.1.0
129 silly idealTree | +-- isarray@1.0.0
129 silly idealTree | +-- isobject@2.1.0
129 silly idealTree | `-- kind-of@3.2.2
129 silly idealTree +-- express-session@1.15.6
129 silly idealTree +-- express@4.16.2
129 silly idealTree | `-- serve-static@1.13.1
129 silly idealTree +-- extend-shallow@3.0.2
129 silly idealTree | `-- is-extendable@1.0.1
129 silly idealTree +-- extend@3.0.1
129 silly idealTree +-- extglob@2.0.4
129 silly idealTree | +-- define-property@1.0.0
129 silly idealTree | `-- extend-shallow@2.0.1
129 silly idealTree +-- extsprintf@1.3.0
129 silly idealTree +-- fast-deep-equal@1.1.0
129 silly idealTree +-- fast-json-stable-stringify@2.0.0
129 silly idealTree +-- filename-regex@2.0.1
129 silly idealTree +-- fill-range@4.0.0
129 silly idealTree | `-- extend-shallow@2.0.1
129 silly idealTree +-- finalhandler@1.1.0
129 silly idealTree +-- find-package-json@1.0.0
129 silly idealTree +-- for-in@1.0.2
129 silly idealTree +-- for-own@0.1.5
129 silly idealTree +-- forever-agent@0.6.1
129 silly idealTree +-- form-data@2.3.2
129 silly idealTree +-- forwarded@0.1.2
129 silly idealTree +-- fragment-cache@0.2.1
129 silly idealTree +-- fresh@0.5.2
129 silly idealTree +-- fs.realpath@1.0.0
129 silly idealTree +-- function-bind@1.1.1
129 silly idealTree +-- generate-function@2.0.0
129 silly idealTree +-- generate-object-property@1.2.0
129 silly idealTree +-- get-func-name@2.0.0
129 silly idealTree +-- get-value@2.0.6
129 silly idealTree +-- getpass@0.1.7
129 silly idealTree +-- glob-base@0.3.0
129 silly idealTree | +-- glob-parent@2.0.0
129 silly idealTree | +-- is-extglob@1.0.0
129 silly idealTree | `-- is-glob@2.0.1
129 silly idealTree +-- glob-parent@3.1.0
129 silly idealTree | `-- is-glob@3.1.0
129 silly idealTree +-- glob@5.0.15
129 silly idealTree +-- graceful-fs@4.1.11
129 silly idealTree +-- growl@1.10.3
129 silly idealTree +-- har-schema@2.0.0
129 silly idealTree +-- har-validator@5.0.3
129 silly idealTree +-- has-ansi@2.0.0
129 silly idealTree +-- has-flag@2.0.0
129 silly idealTree +-- has-value@1.0.0
129 silly idealTree +-- has-values@1.0.0
129 silly idealTree | `-- kind-of@4.0.0
129 silly idealTree +-- has@1.0.1
129 silly idealTree +-- hash-base@2.0.2
129 silly idealTree +-- hash.js@1.1.3
129 silly idealTree +-- hawk@6.0.2
129 silly idealTree +-- he@1.1.1
129 silly idealTree +-- hmac-drbg@1.0.1
129 silly idealTree +-- hoek@4.2.1
129 silly idealTree +-- htmlescape@1.1.1
129 silly idealTree +-- http-errors@1.6.2
129 silly idealTree | +-- depd@1.1.1
129 silly idealTree | `-- setprototypeof@1.0.3
129 silly idealTree +-- http-signature@1.2.0
129 silly idealTree +-- https-browserify@0.0.1
129 silly idealTree +-- icon-android@0.0.1
129 silly idealTree +-- icon-chrome@0.0.1
129 silly idealTree +-- icon-firefox@0.0.1
129 silly idealTree +-- icon-ie@0.0.1
129 silly idealTree +-- icon-ios@0.0.1
129 silly idealTree +-- icon-linux@0.0.1
129 silly idealTree +-- icon-opera@0.0.1
129 silly idealTree +-- icon-osx@0.0.1
129 silly idealTree +-- icon-safari@0.0.1
129 silly idealTree +-- icon-windows@0.0.1
129 silly idealTree +-- iconv-lite@0.4.19
129 silly idealTree +-- ieee754@1.1.8
129 silly idealTree +-- indexof@0.0.1
129 silly idealTree +-- inflight@1.0.6
129 silly idealTree +-- inherits@2.0.3
129 silly idealTree +-- inline-source-map@0.6.2
129 silly idealTree +-- insert-module-globals@7.0.2
129 silly idealTree | `-- combine-source-map@0.7.2
129 silly idealTree +-- ipaddr.js@1.6.0
129 silly idealTree +-- is-accessor-descriptor@1.0.0
129 silly idealTree +-- is-binary-path@1.0.1
129 silly idealTree +-- is-buffer@1.1.6
129 silly idealTree +-- is-data-descriptor@1.0.0
129 silly idealTree +-- is-descriptor@1.0.2
129 silly idealTree +-- is-dotfile@1.0.3
129 silly idealTree +-- is-equal-shallow@0.1.3
129 silly idealTree +-- is-extendable@0.1.1
129 silly idealTree +-- is-extglob@2.1.1
129 silly idealTree +-- is-glob@4.0.0
129 silly idealTree +-- is-my-ip-valid@1.0.0
129 silly idealTree +-- is-my-json-valid@2.17.2
129 silly idealTree +-- is-number@3.0.0
129 silly idealTree | `-- kind-of@3.2.2
129 silly idealTree +-- is-odd@2.0.0
129 silly idealTree | `-- is-number@4.0.0
129 silly idealTree +-- is-plain-object@2.0.4
129 silly idealTree +-- is-posix-bracket@0.1.1
129 silly idealTree +-- is-primitive@2.0.0
129 silly idealTree +-- is-property@1.0.2
129 silly idealTree +-- is-typedarray@1.0.0
129 silly idealTree +-- is-windows@1.0.2
129 silly idealTree +-- isarray@0.0.1
129 silly idealTree +-- isobject@3.0.1
129 silly idealTree +-- isstream@0.1.2
129 silly idealTree +-- jquery@3.3.1
129 silly idealTree +-- js-yaml@3.11.0
129 silly idealTree +-- jsbn@0.1.1
129 silly idealTree +-- json-schema-traverse@0.3.1
129 silly idealTree +-- json-schema@0.2.3
129 silly idealTree +-- json-stable-stringify@0.0.1
129 silly idealTree +-- json-stringify-safe@5.0.1
129 silly idealTree +-- jsonify@0.0.0
129 silly idealTree +-- jsonparse@1.3.1
129 silly idealTree +-- jsonpointer@4.0.1
129 silly idealTree +-- JSONStream@1.3.2
129 silly idealTree +-- jsprim@1.4.1
129 silly idealTree +-- kind-of@6.0.2
129 silly idealTree +-- labeled-stream-splicer@2.0.0
129 silly idealTree +-- lazy-cache@2.0.2
129 silly idealTree +-- lazystream@1.0.0
129 silly idealTree +-- lexical-scope@1.2.0
129 silly idealTree +-- lodash.memoize@3.0.4
129 silly idealTree +-- lodash@4.17.5
129 silly idealTree +-- lru_map@0.3.3
129 silly idealTree +-- magic-string@0.14.0
129 silly idealTree +-- map-cache@0.2.2
129 silly idealTree +-- map-visit@1.0.0
129 silly idealTree +-- md5.js@1.3.4
129 silly idealTree | `-- hash-base@3.0.4
129 silly idealTree +-- media-typer@0.3.0
129 silly idealTree +-- merge-descriptors@1.0.1
129 silly idealTree +-- methods@1.1.2
129 silly idealTree +-- micromatch@3.1.9
129 silly idealTree +-- miller-rabin@4.0.1
129 silly idealTree +-- mime-db@1.33.0
129 silly idealTree +-- mime-types@2.1.18
129 silly idealTree +-- mime@1.4.1
129 silly idealTree +-- minimalistic-assert@1.0.0
129 silly idealTree +-- minimalistic-crypto-utils@1.0.1
129 silly idealTree +-- minimatch@3.0.4
129 silly idealTree +-- minimist@1.2.0
129 silly idealTree +-- mixin-deep@1.3.1
129 silly idealTree | `-- is-extendable@1.0.1
129 silly idealTree +-- mkdirp@0.5.1
129 silly idealTree | `-- minimist@0.0.8
129 silly idealTree +-- mkpath@0.1.0
129 silly idealTree +-- mocha@5.0.4
129 silly idealTree | +-- debug@3.1.0
129 silly idealTree | +-- glob@7.1.2
129 silly idealTree | `-- supports-color@4.4.0
129 silly idealTree +-- module-deps@4.1.1
129 silly idealTree +-- ms@2.0.0
129 silly idealTree +-- nanomatch@1.2.9
129 silly idealTree +-- nanosocket@1.1.0
129 silly idealTree +-- negotiator@0.6.1
129 silly idealTree +-- ngrok@3.0.0
129 silly idealTree +-- node-bin-setup@1.0.6
129 silly idealTree +-- node@9.8.0
129 silly idealTree +-- nopt@3.0.6
129 silly idealTree +-- normalize-path@2.1.1
129 silly idealTree +-- oauth-sign@0.8.2
129 silly idealTree +-- object-copy@0.1.0
129 silly idealTree | +-- define-property@0.2.5
129 silly idealTree | +-- is-accessor-descriptor@0.1.6
129 silly idealTree | +-- is-data-descriptor@0.1.4
129 silly idealTree | +-- is-descriptor@0.1.6
129 silly idealTree | | `-- kind-of@5.1.0
129 silly idealTree | `-- kind-of@3.2.2
129 silly idealTree +-- object-visit@1.0.1
129 silly idealTree +-- object.omit@2.0.1
129 silly idealTree +-- object.pick@1.3.0
129 silly idealTree +-- on-finished@2.3.0
129 silly idealTree +-- on-headers@1.0.1
129 silly idealTree +-- once@1.4.0
129 silly idealTree +-- os-browserify@0.1.2
129 silly idealTree +-- os-homedir@1.0.2
129 silly idealTree +-- pako@0.2.9
129 silly idealTree +-- parents@1.0.1
129 silly idealTree +-- parse-asn1@5.1.0
129 silly idealTree +-- parse-glob@3.0.4
129 silly idealTree | +-- is-extglob@1.0.0
129 silly idealTree | `-- is-glob@2.0.1
129 silly idealTree +-- parseurl@1.3.2
129 silly idealTree +-- pascalcase@0.1.1
129 silly idealTree +-- path-browserify@0.0.0
129 silly idealTree +-- path-dirname@1.0.2
129 silly idealTree +-- path-is-absolute@1.0.1
129 silly idealTree +-- path-parse@1.0.5
129 silly idealTree +-- path-platform@0.11.15
129 silly idealTree +-- path-to-regexp@0.1.7
129 silly idealTree +-- pathval@1.1.0
129 silly idealTree +-- pbkdf2@3.0.14
129 silly idealTree +-- performance-now@2.1.0
129 silly idealTree +-- pinkie-promise@2.0.1
129 silly idealTree +-- pinkie@2.0.4
129 silly idealTree +-- platform@1.3.5
129 silly idealTree +-- popper.js@1.12.9
129 silly idealTree +-- popper@1.0.1
129 silly idealTree +-- posix-character-classes@0.1.1
129 silly idealTree +-- preserve@0.2.0
129 silly idealTree +-- process-nextick-args@2.0.0
129 silly idealTree +-- process@0.11.10
129 silly idealTree +-- proxy-addr@2.0.3
129 silly idealTree +-- public-encrypt@4.0.0
129 silly idealTree +-- punycode@1.4.1
129 silly idealTree +-- q@1.5.1
129 silly idealTree +-- qs@6.5.1
129 silly idealTree +-- querystring-es3@0.2.1
129 silly idealTree +-- querystring@0.2.0
129 silly idealTree +-- random-bytes@1.0.0
129 silly idealTree +-- randomatic@1.1.7
129 silly idealTree | `-- kind-of@4.0.0
129 silly idealTree +-- randombytes@2.0.6
129 silly idealTree +-- randomfill@1.0.4
129 silly idealTree +-- range-parser@1.2.0
129 silly idealTree +-- raw-body@2.3.2
129 silly idealTree +-- read-only-stream@2.0.0
129 silly idealTree +-- readable-stream@2.3.5
129 silly idealTree | +-- isarray@1.0.0
129 silly idealTree | `-- string_decoder@1.0.3
129 silly idealTree +-- readdirp@2.1.0
129 silly idealTree +-- regex-cache@0.4.4
129 silly idealTree +-- regex-not@1.0.2
129 silly idealTree +-- remove-trailing-separator@1.1.0
129 silly idealTree +-- repeat-element@1.1.2
129 silly idealTree +-- repeat-string@1.6.1
129 silly idealTree +-- request-promise-core@1.1.1
129 silly idealTree +-- request-promise-native@1.0.5
129 silly idealTree +-- request@2.83.0
129 silly idealTree +-- resolve-url@0.2.1
129 silly idealTree +-- resolve@1.5.0
129 silly idealTree +-- ret@0.1.15
129 silly idealTree +-- rijs.components@2.0.0
129 silly idealTree +-- rijs.core@1.1.0
129 silly idealTree +-- rijs.css@1.1.0
129 silly idealTree +-- rijs.data@2.1.0
129 silly idealTree +-- rijs.features@1.0.0
129 silly idealTree +-- rijs.fn@1.0.0
129 silly idealTree +-- rijs.needs@1.1.0
129 silly idealTree +-- rijs.npm@2.0.0
129 silly idealTree | +-- assert@1.4.1
129 silly idealTree | +-- base64-js@1.2.3
129 silly idealTree | +-- browserify-zlib@0.2.0
129 silly idealTree | +-- browserify@14.5.0
129 silly idealTree | +-- buffer@5.1.0
129 silly idealTree | +-- glob@7.1.2
129 silly idealTree | +-- https-browserify@1.0.0
129 silly idealTree | +-- os-browserify@0.3.0
129 silly idealTree | +-- pako@1.0.6
129 silly idealTree | `-- string_decoder@1.0.3
129 silly idealTree +-- rijs.offline@1.0.0
129 silly idealTree +-- rijs.pages@1.2.0
129 silly idealTree +-- rijs.precss@1.1.0
129 silly idealTree +-- rijs.resdir@1.4.0
129 silly idealTree | +-- anymatch@1.3.2
129 silly idealTree | +-- arr-diff@2.0.0
129 silly idealTree | +-- array-unique@0.2.1
129 silly idealTree | +-- braces@1.8.5
129 silly idealTree | +-- chokidar@1.7.0
129 silly idealTree | +-- expand-brackets@0.1.5
129 silly idealTree | +-- extglob@0.3.2
129 silly idealTree | +-- glob-parent@2.0.0
129 silly idealTree | +-- is-extglob@1.0.0
129 silly idealTree | +-- is-glob@2.0.1
129 silly idealTree | +-- kind-of@3.2.2
129 silly idealTree | `-- micromatch@2.3.11
129 silly idealTree +-- rijs.serve@0.8.5
129 silly idealTree +-- rijs.sessions@1.1.2
129 silly idealTree +-- rijs.singleton@1.0.0
129 silly idealTree +-- rijs.sync@2.1.10
129 silly idealTree | +-- acorn@5.5.3
129 silly idealTree | +-- ansi-styles@3.2.1
129 silly idealTree | +-- buble@0.18.0
129 silly idealTree | +-- chalk@2.3.2
129 silly idealTree | +-- has-flag@3.0.0
129 silly idealTree | +-- magic-string@0.22.4
129 silly idealTree | `-- supports-color@5.3.0
129 silly idealTree +-- rijs.versioned@0.0.3
129 silly idealTree +-- rijs@0.8.2
129 silly idealTree +-- ripemd160@2.0.1
129 silly idealTree +-- safe-buffer@5.1.1
129 silly idealTree +-- safe-regex@1.1.0
129 silly idealTree +-- send@0.16.1
129 silly idealTree +-- serve-static@1.13.2
129 silly idealTree | +-- send@0.16.2
129 silly idealTree | `-- statuses@1.4.0
129 silly idealTree +-- set-getter@0.1.0
129 silly idealTree +-- set-immediate-shim@1.0.1
129 silly idealTree +-- set-value@2.0.0
129 silly idealTree | `-- extend-shallow@2.0.1
129 silly idealTree +-- setprototypeof@1.1.0
129 silly idealTree +-- sha.js@2.4.10
129 silly idealTree +-- shasum@1.0.2
129 silly idealTree +-- shell-quote@1.6.1
129 silly idealTree +-- snapdragon-node@2.1.1
129 silly idealTree | `-- define-property@1.0.0
129 silly idealTree +-- snapdragon-util@3.0.1
129 silly idealTree | `-- kind-of@3.2.2
129 silly idealTree +-- snapdragon@0.8.1
129 silly idealTree | +-- define-property@0.2.5
129 silly idealTree | +-- extend-shallow@2.0.1
129 silly idealTree | +-- is-accessor-descriptor@0.1.6
129 silly idealTree | | `-- kind-of@3.2.2
129 silly idealTree | +-- is-data-descriptor@0.1.4
129 silly idealTree | | `-- kind-of@3.2.2
129 silly idealTree | +-- is-descriptor@0.1.6
129 silly idealTree | `-- kind-of@5.1.0
129 silly idealTree +-- sntp@2.1.0
129 silly idealTree +-- source-map-resolve@0.5.1
129 silly idealTree +-- source-map-url@0.4.0
129 silly idealTree +-- source-map@0.5.7
129 silly idealTree +-- split-string@3.1.0
129 silly idealTree +-- sprintf-js@1.0.3
129 silly idealTree +-- sshpk@1.13.1
129 silly idealTree +-- static-extend@0.1.2
129 silly idealTree | +-- define-property@0.2.5
129 silly idealTree | +-- is-accessor-descriptor@0.1.6
129 silly idealTree | | `-- kind-of@3.2.2
129 silly idealTree | +-- is-data-descriptor@0.1.4
129 silly idealTree | | `-- kind-of@3.2.2
129 silly idealTree | +-- is-descriptor@0.1.6
129 silly idealTree | `-- kind-of@5.1.0
129 silly idealTree +-- statuses@1.3.1
129 silly idealTree +-- stealthy-require@1.1.1
129 silly idealTree +-- stream-browserify@2.0.1
129 silly idealTree +-- stream-combiner2@1.1.1
129 silly idealTree +-- stream-http@2.8.0
129 silly idealTree +-- stream-splicer@2.0.0
129 silly idealTree +-- string_decoder@0.10.31
129 silly idealTree +-- stringstream@0.0.5
129 silly idealTree +-- strip-ansi@3.0.1
129 silly idealTree +-- subarg@1.0.0
129 silly idealTree +-- supports-color@2.0.0
129 silly idealTree +-- syntax-error@1.4.0
129 silly idealTree +-- tar-stream@1.5.5
129 silly idealTree +-- through@2.3.8
129 silly idealTree +-- through2@2.0.3
129 silly idealTree +-- timers-browserify@1.4.2
129 silly idealTree +-- to-arraybuffer@1.0.1
129 silly idealTree +-- to-object-path@0.3.0
129 silly idealTree | `-- kind-of@3.2.2
129 silly idealTree +-- to-regex-range@2.1.1
129 silly idealTree +-- to-regex@3.0.2
129 silly idealTree +-- touch@0.0.3
129 silly idealTree | `-- nopt@1.0.10
129 silly idealTree +-- tough-cookie@2.3.4
129 silly idealTree +-- traverse@0.3.9
129 silly idealTree +-- tty-browserify@0.0.1
129 silly idealTree +-- tunnel-agent@0.6.0
129 silly idealTree +-- tweetnacl@0.14.5
129 silly idealTree +-- type-detect@4.0.8
129 silly idealTree +-- type-is@1.6.16
129 silly idealTree +-- typedarray@0.0.6
129 silly idealTree +-- uid-safe@2.1.5
129 silly idealTree +-- umd@3.0.1
129 silly idealTree +-- underscore.string@3.3.4
129 silly idealTree +-- union-value@1.0.0
129 silly idealTree | +-- extend-shallow@2.0.1
129 silly idealTree | `-- set-value@0.4.3
129 silly idealTree +-- unpipe@1.0.0
129 silly idealTree +-- unset-value@1.0.0
129 silly idealTree | +-- has-value@0.3.1
129 silly idealTree | | `-- isobject@2.1.0
129 silly idealTree | +-- has-values@0.1.4
129 silly idealTree | `-- isarray@1.0.0
129 silly idealTree +-- upath@1.0.4
129 silly idealTree +-- urix@0.1.0
129 silly idealTree +-- url@0.11.0
129 silly idealTree | `-- punycode@1.3.2
129 silly idealTree +-- use@2.0.2
129 silly idealTree | +-- define-property@0.2.5
129 silly idealTree | +-- is-accessor-descriptor@0.1.6
129 silly idealTree | | `-- kind-of@3.2.2
129 silly idealTree | +-- is-data-descriptor@0.1.4
129 silly idealTree | | `-- kind-of@3.2.2
129 silly idealTree | +-- is-descriptor@0.1.6
129 silly idealTree | `-- kind-of@5.1.0
129 silly idealTree +-- util-deprecate@1.0.2
129 silly idealTree +-- util@0.10.3
129 silly idealTree | `-- inherits@2.0.1
129 silly idealTree +-- utilise@2.2.3
129 silly idealTree +-- utils-merge@1.0.1
129 silly idealTree +-- uuid@3.2.1
129 silly idealTree +-- uws@8.14.1
129 silly idealTree +-- vargs@0.1.0
129 silly idealTree +-- vary@1.1.2
129 silly idealTree +-- verror@1.10.0
129 silly idealTree +-- vlq@0.2.3
129 silly idealTree +-- vm-browserify@0.0.4
129 silly idealTree +-- walkdir@0.0.11
129 silly idealTree +-- wd@1.6.1
129 silly idealTree | +-- assert-plus@0.2.0
129 silly idealTree | +-- aws-sign2@0.6.0
129 silly idealTree | +-- boom@2.10.1
129 silly idealTree | +-- caseless@0.11.0
129 silly idealTree | +-- cryptiles@2.0.5
129 silly idealTree | +-- form-data@2.1.4
129 silly idealTree | +-- har-validator@2.0.6
129 silly idealTree | +-- hawk@3.1.3
129 silly idealTree | +-- hoek@2.16.3
129 silly idealTree | +-- http-signature@1.1.1
129 silly idealTree | +-- lodash@4.16.2
129 silly idealTree | +-- q@1.4.1
129 silly idealTree | +-- qs@6.3.2
129 silly idealTree | +-- request@2.79.0
129 silly idealTree | +-- sntp@1.0.9
129 silly idealTree | `-- tunnel-agent@0.4.3
129 silly idealTree +-- wrappy@1.0.2
129 silly idealTree +-- xrs@1.1.0
129 silly idealTree +-- xtend@4.0.1
129 silly idealTree `-- zip-stream@1.2.0
130 silly generateActionsToTake Starting
131 silly install generateActionsToTake
132 silly generateActionsToTake Finishing
133 silly diffTrees action count 2
134 silly diffTrees add node-bin-setup@1.0.6
135 silly diffTrees add node@9.8.0
136 silly decomposeActions action count 16
137 silly decomposeActions fetch node-bin-setup@1.0.6
138 silly decomposeActions extract node-bin-setup@1.0.6
139 silly decomposeActions test node-bin-setup@1.0.6
140 silly decomposeActions preinstall node-bin-setup@1.0.6
141 silly decomposeActions build node-bin-setup@1.0.6
142 silly decomposeActions install node-bin-setup@1.0.6
143 silly decomposeActions postinstall node-bin-setup@1.0.6
144 silly decomposeActions finalize node-bin-setup@1.0.6
145 silly decomposeActions fetch node@9.8.0
146 silly decomposeActions extract node@9.8.0
147 silly decomposeActions test node@9.8.0
148 silly decomposeActions preinstall node@9.8.0
149 silly decomposeActions build node@9.8.0
150 silly decomposeActions install node@9.8.0
151 silly decomposeActions postinstall node@9.8.0
152 silly decomposeActions finalize node@9.8.0
153 silly runTopLevelLifecycles Starting
154 silly executeActions Starting
155 silly install executeActions
156 silly doSerial global-install 0
157 silly doParallel fetch 2
158 verbose correctMkdir C:\Users\angel\AppData\Roaming\npm-cache\_locks correctMkdir not in flight; initializing
159 verbose lock using C:\Users\angel\AppData\Roaming\npm-cache\_locks\staging-b4b9a52da7f6df9d.lock for C:\Users\angel\Documents\libra\node_modules\.staging
160 silly doParallel extract 2
161 silly extract node-bin-setup@1.0.6
162 silly extract node@9.8.0
163 verbose unbuild node_modules\.staging\node-bin-setup-a8855e8f
164 verbose unbuild node_modules\.staging\node-ec558980
165 silly gentlyRm C:\Users\angel\Documents\libra\node_modules\.staging\node-bin-setup-a8855e8f is being purged from base C:\Users\angel\Documents\libra
166 verbose gentlyRm don't care about contents; nuking C:\Users\angel\Documents\libra\node_modules\.staging\node-bin-setup-a8855e8f
167 silly gentlyRm C:\Users\angel\Documents\libra\node_modules\.staging\node-ec558980 is being purged from base C:\Users\angel\Documents\libra
168 verbose gentlyRm don't care about contents; nuking C:\Users\angel\Documents\libra\node_modules\.staging\node-ec558980
169 verbose tar unpack C:\Users\angel\AppData\Roaming\npm-cache\node-bin-setup\1.0.6\package.tgz
170 verbose tar unpacking to C:\Users\angel\Documents\libra\node_modules\.staging\node-bin-setup-a8855e8f
171 silly gentlyRm C:\Users\angel\Documents\libra\node_modules\.staging\node-bin-setup-a8855e8f is being purged
172 verbose gentlyRm don't care about contents; nuking C:\Users\angel\Documents\libra\node_modules\.staging\node-bin-setup-a8855e8f
173 verbose tar unpack C:\Users\angel\AppData\Roaming\npm-cache\node\9.8.0\package.tgz
174 verbose tar unpacking to C:\Users\angel\Documents\libra\node_modules\.staging\node-ec558980
175 silly gentlyRm C:\Users\angel\Documents\libra\node_modules\.staging\node-ec558980 is being purged
176 verbose gentlyRm don't care about contents; nuking C:\Users\angel\Documents\libra\node_modules\.staging\node-ec558980
177 silly gunzTarPerm modes [ '777', '666' ]
178 silly gunzTarPerm modes [ '777', '666' ]
179 silly gunzTarPerm extractEntry package.json
180 silly gunzTarPerm modified mode [ 'package.json', 420, 438 ]
181 silly gunzTarPerm extractEntry package.json
182 silly gunzTarPerm modified mode [ 'package.json', 420, 438 ]
183 silly gunzTarPerm extractEntry installArchSpecificPackage.js
184 silly gunzTarPerm modified mode [ 'installArchSpecificPackage.js', 420, 438 ]
185 silly gunzTarPerm extractEntry README.md
186 silly gunzTarPerm modified mode [ 'README.md', 420, 438 ]
187 silly gunzTarPerm extractEntry index.js
188 silly gunzTarPerm modified mode [ 'index.js', 420, 438 ]
189 silly gentlyRm C:\Users\angel\Documents\libra\node_modules\.staging\node-bin-setup-a8855e8f\node_modules is being purged
190 verbose gentlyRm don't care about contents; nuking C:\Users\angel\Documents\libra\node_modules\.staging\node-bin-setup-a8855e8f\node_modules
191 silly gentlyRm C:\Users\angel\Documents\libra\node_modules\.staging\node-ec558980\node_modules is being purged
192 verbose gentlyRm don't care about contents; nuking C:\Users\angel\Documents\libra\node_modules\.staging\node-ec558980\node_modules
193 silly doParallel preinstall 2
194 silly preinstall node-bin-setup@1.0.6 C:\Users\angel\Documents\libra\node_modules\.staging\node-bin-setup-a8855e8f
195 info lifecycle node-bin-setup@1.0.6~preinstall: node-bin-setup@1.0.6
196 silly preinstall node@9.8.0 C:\Users\angel\Documents\libra\node_modules\.staging\node-ec558980
197 info lifecycle node@9.8.0~preinstall: node@9.8.0
198 silly lifecycle node-bin-setup@1.0.6~preinstall: no script for preinstall, continuing
199 verbose lifecycle node@9.8.0~preinstall: unsafe-perm in lifecycle true
200 verbose lifecycle node@9.8.0~preinstall: PATH: C:\Program Files\nodejs\node_modules\npm\bin\node-gyp-bin;C:\Users\angel\Documents\libra\node_modules\.staging\node-ec558980\node_modules\.bin;C:\Users\angel\Documents\libra\node_modules\.bin;C:\Users\angel\AppData\Roaming\npm;C:\Program Files\nodejs\;C:\Program Files (x86)\Intel\Intel(R) Management Engine Components\iCLS\;C:\Program Files\Intel\Intel(R) Management Engine Components\iCLS\;C:\ProgramData\Oracle\Java\javapath;C:\Program Files (x86)\NVIDIA Corporation\PhysX\Common;C:\WINDOWS\system32;C:\WINDOWS;C:\WINDOWS\System32\Wbem;C:\WINDOWS\System32\WindowsPowerShell\v1.0\;C:\Program Files (x86)\Skype\Phone\;C:\Program Files\Microsoft SQL Server\130\Tools\Binn\;C:\WINDOWS\system32\config\systemprofile\.dnx\bin;C:\Program Files\Microsoft DNX\Dnvm\;C:\Program Files\Microsoft SQL Server\120\Tools\Binn\;C:\Program Files\Git\cmd;C:\TDM-GCC-64\bin;C:\Program Files\nodejs\;C:\Program Files\Intel\WiFi\bin\;C:\Program Files\Common Files\Intel\WirelessCommon\;C:\Program Files (x86)\Intel\Intel(R) Management Engine Components\DAL;C:\Program Files\Intel\Intel(R) Management Engine Components\DAL;C:\Program Files (x86)\Intel\Intel(R) Management Engine Components\IPT;C:\Program Files\Intel\Intel(R) Management Engine Components\IPT;C:\ProgramData\Oracle\Java\javapath;C:\Program Files (x86)\NVIDIA Corporation\PhysX\Common;C:\WINDOWS\system32;C:\WINDOWS;C:\WINDOWS\System32\Wbem;C:\WINDOWS\System32\WindowsPowerShell\v1.0\;C:\Program Files (x86)\Skype\Phone\;C:\Program Files\Microsoft SQL Server\130\Tools\Binn\;C:\WINDOWS\system32\config\systemprofile\.dnx\bin;C:\Program Files\Microsoft DNX\Dnvm\;C:\Program Files\Microsoft SQL Server\120\Tools\Binn\;C:\Program Files\Git\cmd;C:\TDM-GCC-64\bin;C:\Users\angel\AppData\Local\atom\bin;C:\Users\angel\AppData\Local\Programs\Python\Python35\Scripts;C:\Users\angel\AppData\Local\Microsoft\WindowsApps;C:\Users\angel\AppData\Roaming\npm;C:\Program Files\Intel\WiFi\bin\;C:\Program Files\Common Files\Intel\WirelessCommon\;C:\Program Files\Microsoft VS Code\bin;C:\Program Files\Heroku\bin;
201 verbose lifecycle node@9.8.0~preinstall: CWD: C:\Users\angel\Documents\libra\node_modules\.staging\node-ec558980
202 silly lifecycle node@9.8.0~preinstall: Args: [ '/d /s /c', 'node installArchSpecificPackage' ]
203 silly lifecycle node@9.8.0~preinstall: Returned: code: 1  signal: null
204 info lifecycle node@9.8.0~preinstall: Failed to exec preinstall script
205 verbose unlock done using C:\Users\angel\AppData\Roaming\npm-cache\_locks\staging-b4b9a52da7f6df9d.lock for C:\Users\angel\Documents\libra\node_modules\.staging
206 silly rollbackFailedOptional Starting
207 silly rollbackFailedOptional Finishing
208 silly runTopLevelLifecycles Finishing
209 silly install printInstalled
210 warn optional SKIPPING OPTIONAL DEPENDENCY: fsevents@^1.0.0 (node_modules\chokidar\node_modules\fsevents):
211 warn notsup SKIPPING OPTIONAL DEPENDENCY: Unsupported platform for fsevents@1.1.3: wanted {"os":"darwin","arch":"any"} (current: {"os":"win32","arch":"x64"})
212 verbose notsup SKIPPING OPTIONAL DEPENDENCY: Valid OS:    darwin
212 verbose notsup SKIPPING OPTIONAL DEPENDENCY: Valid Arch:  any
212 verbose notsup SKIPPING OPTIONAL DEPENDENCY: Actual OS:   win32
212 verbose notsup SKIPPING OPTIONAL DEPENDENCY: Actual Arch: x64
213 warn optional SKIPPING OPTIONAL DEPENDENCY: fsevents@^1.0.0 (node_modules\rijs.resdir\node_modules\chokidar\node_modules\fsevents):
214 warn notsup SKIPPING OPTIONAL DEPENDENCY: Unsupported platform for fsevents@1.1.3: wanted {"os":"darwin","arch":"any"} (current: {"os":"win32","arch":"x64"})
215 verbose notsup SKIPPING OPTIONAL DEPENDENCY: Valid OS:    darwin
215 verbose notsup SKIPPING OPTIONAL DEPENDENCY: Valid Arch:  any
215 verbose notsup SKIPPING OPTIONAL DEPENDENCY: Actual OS:   win32
215 verbose notsup SKIPPING OPTIONAL DEPENDENCY: Actual Arch: x64
216 warn libra@1.0.0 No description
217 verbose If you need help, you may report this error at:
217 verbose     <https://github.com/npm/npm/issues>
218 warn libra@1.0.0 No repository field.
219 verbose If you need help, you may report this error at:
219 verbose     <https://github.com/npm/npm/issues>
220 verbose stack Error: node@9.8.0 preinstall: `node installArchSpecificPackage`
220 verbose stack Exit status 1
220 verbose stack     at EventEmitter.<anonymous> (C:\Program Files\nodejs\node_modules\npm\lib\utils\lifecycle.js:255:16)
220 verbose stack     at emitTwo (events.js:106:13)
220 verbose stack     at EventEmitter.emit (events.js:191:7)
220 verbose stack     at ChildProcess.<anonymous> (C:\Program Files\nodejs\node_modules\npm\lib\utils\spawn.js:40:14)
220 verbose stack     at emitTwo (events.js:106:13)
220 verbose stack     at ChildProcess.emit (events.js:191:7)
220 verbose stack     at maybeClose (internal/child_process.js:877:16)
220 verbose stack     at Process.ChildProcess._handle.onexit (internal/child_process.js:226:5)
221 verbose pkgid node@9.8.0
222 verbose cwd C:\Users\angel\Documents\libra
223 error Windows_NT 10.0.16299
224 error argv "C:\\Program Files\\nodejs\\node.exe" "C:\\Program Files\\nodejs\\node_modules\\npm\\bin\\npm-cli.js" "install" "node"
225 error node v6.9.4
226 error npm  v3.10.10
227 error code ELIFECYCLE
228 error node@9.8.0 preinstall: `node installArchSpecificPackage`
228 error Exit status 1
229 error Failed at the node@9.8.0 preinstall script 'node installArchSpecificPackage'.
229 error Make sure you have the latest version of node.js and npm installed.
229 error If you do, this is most likely a problem with the node package,
229 error not with npm itself.
229 error Tell the author that this fails on your system:
229 error     node installArchSpecificPackage
229 error You can get information on how to open an issue for this project with:
229 error     npm bugs node
229 error Or if that isn't available, you can get their info via:
229 error     npm owner ls node
229 error There is likely additional logging output above.
230 verbose exit [ 1, true ]
